<?xml version="1.0" encoding="UTF-8"?>
<testsuite name="FizzBuzzTest" tests="7" skipped="0" failures="0" errors="0" timestamp="2023-01-10T14:52:29" hostname="phivoss-MacBook-Pro.local" time="0.023">
  <properties/>
  <testcase name="[1] 0, 0" classname="FizzBuzzTest" time="0.015"/>
  <testcase name="[2] 1, 1" classname="FizzBuzzTest" time="0.0"/>
  <testcase name="[3] 2, 2" classname="FizzBuzzTest" time="0.001"/>
  <testcase name="[4] Fizz, 3" classname="FizzBuzzTest" time="0.001"/>
  <testcase name="[5] 4, 4" classname="FizzBuzzTest" time="0.0"/>
  <testcase name="[6] Buzz, 5" classname="FizzBuzzTest" time="0.0"/>
  <testcase name="[7] FizzBuzz, 15" classname="FizzBuzzTest" time="0.0"/>
  <system-out><![CDATA[]]></system-out>
  <system-err><![CDATA[]]></system-err>
</testsuite>
